<?xml version="1.0" encoding="UTF-8"?>
<!-- Generated by org.testng.reporters.JUnitReportReporter -->
<testsuite hostname="DESKTOP-0Q9HAE4" failures="0" tests="1" name="testNG.AssertionTest" time="6.463" errors="0" timestamp="2023-10-07T11:15:51 IST" skipped="0">
  <testcase classname="testNG.AssertionTest" name="loginMethod" time="6.463">
    <system-out>
      <![CDATA[user failed to navigate login page]]>
    </system-out>
  </testcase> <!-- loginMethod -->
  <system-out>
    <![CDATA[user failed to navigate login page]]>
  </system-out>
</testsuite> <!-- testNG.AssertionTest -->
