<?xml version="1.0" encoding="UTF-8"?>
<!-- Generated by org.testng.reporters.JUnitReportReporter -->
<testsuite hostname="DESKTOP-0Q9HAE4" failures="0" tests="1" name="testNG.Microsoft" time="4.455" errors="0" timestamp="2023-10-06T12:45:40 IST" skipped="0">
  <testcase classname="testNG.Microsoft" name="launchMicrosoft" time="4.455"/>
</testsuite> <!-- testNG.Microsoft -->
