<?xml version="1.0" encoding="UTF-8"?>
<!-- Generated by org.testng.reporters.JUnitReportReporter -->
<testsuite hostname="DESKTOP-0Q9HAE4" failures="0" tests="4" name="testNG.ToLearnTestNG" time="12.393" errors="0" timestamp="2023-10-05T17:12:35 IST" skipped="1">
  <testcase classname="testNG.ToLearnTestNG" name="login" time="4.088"/>
  <testcase classname="testNG.ToLearnTestNG" name="login" time="3.907"/>
  <testcase classname="testNG.ToLearnTestNG" name="login" time="4.398"/>
  <testcase classname="testNG.ToLearnTestNG" name="browserSetUp">
    <skipped/>
  </testcase> <!-- browserSetUp -->
</testsuite> <!-- testNG.ToLearnTestNG -->
