<?xml version="1.0" encoding="UTF-8"?>
<!-- Generated by org.testng.reporters.JUnitReportReporter -->
<testsuite hostname="DESKTOP-0Q9HAE4" failures="0" tests="3" name="testNG.CrossBrowserTesting" time="21.254" errors="0" timestamp="2023-10-12T12:52:21 IST" skipped="0">
  <testcase classname="testNG.CrossBrowserTesting" name="loginMulBrowser" time="5.605"/>
  <testcase classname="testNG.CrossBrowserTesting" name="loginMulBrowser" time="6.651"/>
  <testcase classname="testNG.CrossBrowserTesting" name="loginMulBrowser" time="8.998"/>
</testsuite> <!-- testNG.CrossBrowserTesting -->
