<?xml version="1.0" encoding="UTF-8"?>
<!-- Generated by org.testng.reporters.JUnitReportReporter -->
<testsuite hostname="DESKTOP-0Q9HAE4" failures="0" tests="1" name="testNG.TC_DWS_001" time="6.799" errors="0" timestamp="2023-10-06T18:04:27 IST" skipped="0">
  <testcase classname="testNG.TC_DWS_001" name="addCart" time="6.799"/>
  <system-out>
    <![CDATA[Establish DB connection
@BeforeTest
open Browser
url
login
logout
close Browser
@AfterTest
Close DB connection]]>
  </system-out>
</testsuite> <!-- testNG.TC_DWS_001 -->
