<?xml version="1.0" encoding="UTF-8"?>
<!-- Generated by org.testng.reporters.JUnitReportReporter -->
<testsuite hostname="DESKTOP-0Q9HAE4" failures="0" tests="2" name="testNG.DependsOnMethods" time="5.784" errors="0" timestamp="2023-10-09T17:51:32 IST" skipped="0">
  <testcase classname="testNG.DependsOnMethods" name="login" time="2.569">
    <system-out>
      <![CDATA[User logged in successfully]]>
    </system-out>
  </testcase> <!-- login -->
  <testcase classname="testNG.DependsOnMethods" name="register" time="3.215">
    <system-out>
      <![CDATA[User registered  successfully]]>
    </system-out>
  </testcase> <!-- register -->
  <system-out>
    <![CDATA[User registered  successfully
User logged in successfully
@BeforeClass
@BeforeMethod
@BeforeMethod2
Running Test Case:1
@AfterMethod
@AfterClass]]>
  </system-out>
</testsuite> <!-- testNG.DependsOnMethods -->
