<?xml version="1.0" encoding="UTF-8"?>
<!-- Generated by org.testng.reporters.JUnitReportReporter -->
<testsuite hostname="DESKTOP-0Q9HAE4" failures="0" tests="1" name="testNG.Apple" time="4.270" errors="0" timestamp="2023-10-06T13:25:09 IST" skipped="0">
  <testcase classname="testNG.Apple" name="launchApple" time="4.270"/>
</testsuite> <!-- testNG.Apple -->
