<?xml version="1.0" encoding="UTF-8"?>
<!-- Generated by org.testng.reporters.JUnitReportReporter -->
<testsuite hostname="DESKTOP-0Q9HAE4" failures="0" tests="1" name="testNG.ConfigurationAnotation" time="0.003" errors="0" timestamp="2023-10-09T17:51:32 IST" skipped="0">
  <testcase classname="testNG.ConfigurationAnotation" name="runTest1" time="0.003">
    <system-out>
      <![CDATA[Running Test Case:1]]>
    </system-out>
  </testcase> <!-- runTest1 -->
  <system-out>
    <![CDATA[User registered  successfully
User logged in successfully
@BeforeClass
@BeforeMethod
@BeforeMethod2
Running Test Case:1
@AfterMethod
@AfterClass]]>
  </system-out>
</testsuite> <!-- testNG.ConfigurationAnotation -->
