<?xml version="1.0" encoding="UTF-8"?>
<!-- Generated by org.testng.reporters.JUnitReportReporter -->
<testsuite hostname="DESKTOP-0Q9HAE4" failures="0" tests="1" name="testNG.TC_001" time="0.001" errors="0" timestamp="2023-10-06T16:37:25 IST" skipped="0">
  <testcase classname="testNG.TC_001" name="addToCart" time="0.001">
    <system-out>
      <![CDATA[Product added to cart]]>
    </system-out>
  </testcase> <!-- addToCart -->
  <system-out>
    <![CDATA[Establish DB connection
@BeforeTest
open Browser
url
login
Product removed from cart
logout
close Browser
open Browser
url
login
Product added to cart
logout
close Browser
@AfterTest
Close DB connection]]>
  </system-out>
</testsuite> <!-- testNG.TC_001 -->
