<?xml version="1.0" encoding="UTF-8"?>
<!-- Generated by org.testng.reporters.JUnitReportReporter -->
<testsuite hostname="DESKTOP-0Q9HAE4" failures="0" tests="1" name="groupExecution.Grt" time="4.125" errors="0" timestamp="2023-10-12T13:09:12 IST" skipped="0">
  <testcase classname="groupExecution.Grt" name="grt" time="4.125">
    <system-out>
      <![CDATA[Grt]]>
    </system-out>
  </testcase> <!-- grt -->
  <system-out>
    <![CDATA[Grt
Tanishq ]]>
  </system-out>
</testsuite> <!-- groupExecution.Grt -->
